<?xml version="1.0" encoding="UTF-8"?>
<!-- Generated by org.testng.reporters.JUnitReportReporter -->
<testsuite skipped="0" hostname="DESKTOP-HGTH7AG" name="tmtTestCase" tests="6" failures="0" timestamp="30 Aug 2020 13:50:06 GMT" time="6.011" errors="0">
  <testcase name="test5" time="1.000" classname="tmtTestCase"/>
  <testcase name="test3" time="1.001" classname="tmtTestCase"/>
  <testcase name="test2" time="1.001" classname="tmtTestCase"/>
  <testcase name="test1" time="1.009" classname="tmtTestCase"/>
  <testcase name="test6" time="1.000" classname="tmtTestCase"/>
  <testcase name="test4" time="1.000" classname="tmtTestCase"/>
</testsuite> <!-- tmtTestCase -->
